[0m06:58:24.136813 [debug] [MainThread]: Sending event: {'category': 'dbt', 'action': 'invocation', 'label': 'start', 'context': [<snowplow_tracker.self_describing_json.SelfDescribingJson object at 0x7ef5691326f0>, <snowplow_tracker.self_describing_json.SelfDescribingJson object at 0x7ef569ca2630>, <snowplow_tracker.self_describing_json.SelfDescribingJson object at 0x7ef569132870>]}


============================== 06:58:24.143512 | 3d574592-05a9-41b9-bde5-abd6e6e4ba64 ==============================
[0m06:58:24.143512 [info ] [MainThread]: Running with dbt=1.11.3
[0m06:58:24.144368 [debug] [MainThread]: running dbt with arguments {'log_format': 'default', 'warn_error_options': 'WarnErrorOptionsV2(error=[], warn=[], silence=[])', 'version_check': 'True', 'partial_parse': 'True', 'introspect': 'True', 'send_anonymous_usage_stats': 'True', 'use_colors': 'True', 'printer_width': '80', 'log_cache_events': 'False', 'empty': 'None', 'write_json': 'True', 'indirect_selection': 'eager', 'log_path': 'logs', 'debug': 'False', 'use_experimental_parser': 'False', 'invocation_command': 'dbt init taxi_rides_ny', 'warn_error': 'None', 'fail_fast': 'False', 'cache_selected_only': 'False', 'target_path': 'None', 'static_parser': 'True', 'profiles_dir': '/home/codespace/.dbt', 'no_print': 'None', 'quiet': 'False'}
[0m06:58:24.164569 [debug] [MainThread]: Starter project path: /usr/local/python/3.12.1/lib/python3.12/site-packages/dbt/include/starter_project
[0m06:58:24.178635 [info ] [MainThread]: 
Your new dbt project "taxi_rides_ny" was created!

For more information on how to configure the profiles.yml file,
please consult the dbt documentation here:

  https://docs.getdbt.com/docs/configure-your-profile

One more thing:

Need help? Don't hesitate to reach out to us via GitHub issues or on Slack:

  https://community.getdbt.com/

Happy modeling!

[0m06:58:24.179465 [info ] [MainThread]: Setting up your profile.
[0m07:19:03.696834 [debug] [MainThread]: Resource report: {"command_name": "init", "command_success": true, "command_wall_clock_time": 1239.6344, "process_in_blocks": "105568", "process_kernel_time": 0.397281, "process_mem_max_rss": "152656", "process_out_blocks": "72", "process_user_time": 3.898742}
[0m07:19:03.698093 [debug] [MainThread]: Command `dbt init` succeeded at 07:19:03.697913 after 1239.64 seconds
[0m07:19:03.698886 [debug] [MainThread]: Sending event: {'category': 'dbt', 'action': 'invocation', 'label': 'end', 'context': [<snowplow_tracker.self_describing_json.SelfDescribingJson object at 0x7ef56b5293a0>, <snowplow_tracker.self_describing_json.SelfDescribingJson object at 0x7ef568909fd0>, <snowplow_tracker.self_describing_json.SelfDescribingJson object at 0x7ef56dec7b60>]}
[0m07:19:03.699541 [debug] [MainThread]: Flushing usage events
[0m07:19:04.713896 [debug] [MainThread]: An error was encountered while trying to flush usage events
